<?xml version="1.0" encoding="UTF-8"?>
<!-- Generated by org.testng.reporters.JUnitXMLReporter -->
<testsuite hostname="IN5CG840558Z" ignored="0" name="Test" tests="3" failures="0" timestamp="18 Mar 2020 12:23:27 GMT" time="64.5" errors="0">
  <testcase name="TC01" time="19.984" classname="com.google.pages.GoogleSearchTC1"/>
  <testcase name="TC01" time="21.384" classname="com.google.pages.GoogleSearchTC2"/>
  <testcase name="TC01" time="23.102" classname="com.google.pages.GoogleSearchTC3"/>
</testsuite> <!-- Test -->
