<?xml version="1.0" encoding="UTF-8"?>
<!-- Generated by org.testng.reporters.JUnitXMLReporter -->
<testsuite hostname="IN5CG840558Z" ignored="0" name="Test" tests="3" failures="0" timestamp="18 Mar 2020 12:08:15 GMT" time="65.481" errors="0">
  <testcase name="TC01" time="23.213" classname="com.google.pages.GoogleSearchTC1"/>
  <testcase name="TC01" time="21.036" classname="com.google.pages.GoogleSearchTC2"/>
  <testcase name="TC01" time="21.199" classname="com.google.pages.GoogleSearchTC3"/>
</testsuite> <!-- Test -->
